<?xml version="1.0" encoding="UTF-8"?>
<!-- Generated by org.testng.reporters.JUnitReportReporter -->
<testsuite hostname="DESKTOP-JE5KF2R" failures="0" tests="3" name="day2_08042025.OrangeHRM_AnnotationsDemo" time="5.291" errors="0" timestamp="2025-04-08T11:02:24 IST" skipped="0">
  <testcase classname="day2_08042025.OrangeHRM_AnnotationsDemo" name="login" time="2.778"/>
  <testcase classname="day2_08042025.OrangeHRM_AnnotationsDemo" name="verifyLogin" time="0.542"/>
  <testcase classname="day2_08042025.OrangeHRM_AnnotationsDemo" name="logout" time="1.971"/>
</testsuite> <!-- day2_08042025.OrangeHRM_AnnotationsDemo -->
