<?xml version="1.0" encoding="UTF-8"?>
<!-- Generated by org.testng.reporters.JUnitReportReporter -->
<testsuite hostname="DESKTOP-JE5KF2R" failures="0" tests="1" name="day8_19042025.DataDriverFrameworkDemo" time="205.750" errors="0" timestamp="2025-04-19T08:41:38 IST" skipped="0">
  <testcase classname="day8_19042025.DataDriverFrameworkDemo" name="executionMethod" time="205.750"/>
</testsuite> <!-- day8_19042025.DataDriverFrameworkDemo -->
