<?xml version="1.0" encoding="UTF-8"?>
<!-- Generated by org.testng.reporters.JUnitReportReporter -->
<testsuite hostname="DESKTOP-JE5KF2R" failures="0" tests="4" name="day6_15042025.CrossBrowserTestingDemo" time="8.519" errors="0" timestamp="2025-04-16T21:53:45 IST" skipped="0">
  <testcase classname="day6_15042025.CrossBrowserTestingDemo" name="launchBroswer" time="2.061"/>
  <testcase classname="day6_15042025.CrossBrowserTestingDemo" name="launchBroswer" time="3.635"/>
  <testcase classname="day6_15042025.CrossBrowserTestingDemo" name="app" time="1.687"/>
  <testcase classname="day6_15042025.CrossBrowserTestingDemo" name="app" time="1.136"/>
</testsuite> <!-- day6_15042025.CrossBrowserTestingDemo -->
