<?xml version="1.0" encoding="UTF-8"?>
<!-- Generated by org.testng.reporters.JUnitReportReporter -->
<testsuite hostname="DESKTOP-JE5KF2R" failures="0" tests="3" name="day3_09042025.DataProviderDemo" time="47.216" errors="0" timestamp="2025-04-10T19:32:25 IST" skipped="0">
  <testcase classname="day3_09042025.DataProviderDemo" name="mobileSearch" time="17.743"/>
  <testcase classname="day3_09042025.DataProviderDemo" name="mobileSearch" time="9.311"/>
  <testcase classname="day3_09042025.DataProviderDemo" name="mobileSearch" time="20.162"/>
</testsuite> <!-- day3_09042025.DataProviderDemo -->
