<?xml version="1.0" encoding="UTF-8"?>
<!-- Generated by org.testng.reporters.JUnitReportReporter -->
<testsuite hostname="DESKTOP-JE5KF2R" failures="0" tests="1" name="day5_14042025.GroupsDemo" time="0.012" errors="0" timestamp="2025-04-14T20:27:51 IST" skipped="0">
  <testcase classname="day5_14042025.GroupsDemo" name="test2" time="0.012"/>
</testsuite> <!-- day5_14042025.GroupsDemo -->
