<?xml version="1.0" encoding="UTF-8"?>
<!-- Generated by org.testng.reporters.JUnitReportReporter -->
<testsuite hostname="DESKTOP-JE5KF2R" failures="0" tests="1" name="day5_14042025.GroupsDemo" time="0.019" errors="0" timestamp="2025-05-06T12:23:49 IST" skipped="0">
  <testcase classname="day5_14042025.GroupsDemo" name="test2" time="0.019"/>
</testsuite> <!-- day5_14042025.GroupsDemo -->
