<?xml version="1.0" encoding="UTF-8"?>
<!-- Generated by org.testng.reporters.JUnitReportReporter -->
<testsuite hostname="DESKTOP-JE5KF2R" failures="0" tests="1" name="day7.CallingPOM" time="17.464" errors="0" timestamp="2025-04-18T22:56:51 IST" skipped="0">
  <testcase classname="day7.CallingPOM" name="executionMethod" time="17.464"/>
</testsuite> <!-- day7.CallingPOM -->
