<?xml version="1.0" encoding="UTF-8"?>
<!-- Generated by org.testng.reporters.JUnitReportReporter -->
<testsuite hostname="DESKTOP-JE5KF2R" failures="0" tests="2" name="day3_09042025.DependencyMethodTestDemo" time="12.488" errors="0" timestamp="2025-04-09T16:17:53 IST" skipped="0">
  <testcase classname="day3_09042025.DependencyMethodTestDemo" name="login" time="2.664"/>
  <testcase classname="day3_09042025.DependencyMethodTestDemo" name="setUp" time="9.824"/>
</testsuite> <!-- day3_09042025.DependencyMethodTestDemo -->
