<?xml version="1.0" encoding="UTF-8"?>
<!-- Generated by org.testng.reporters.JUnitReportReporter -->
<testsuite hostname="DESKTOP-JE5KF2R" failures="0" tests="1" name="day3_09042025.Parent" time="3.888" errors="0" timestamp="2025-04-09T16:17:53 IST" skipped="0">
  <testcase classname="day3_09042025.Parent" name="setUp" time="3.888"/>
</testsuite> <!-- day3_09042025.Parent -->
