<?xml version="1.0" encoding="UTF-8"?>
<!-- Generated by org.testng.reporters.JUnitReportReporter -->
<testsuite hostname="DESKTOP-JE5KF2R" failures="0" tests="1" name="day10_22042025.HybridDrivenFramework" time="77.179" errors="0" timestamp="2025-04-22T19:41:43 IST" skipped="0">
  <testcase classname="day10_22042025.HybridDrivenFramework" name="executionMethod" time="77.179"/>
</testsuite> <!-- day10_22042025.HybridDrivenFramework -->
