<?xml version="1.0" encoding="UTF-8"?>
<!-- Generated by org.testng.reporters.JUnitReportReporter -->
<testsuite hostname="DESKTOP-JE5KF2R" failures="0" tests="4" name="day6_15042025.CrossBrowserTestingDemo" time="12.549" errors="0" timestamp="2025-05-06T12:24:19 IST" skipped="0">
  <testcase classname="day6_15042025.CrossBrowserTestingDemo" name="launchBroswer" time="2.499"/>
  <testcase classname="day6_15042025.CrossBrowserTestingDemo" name="launchBroswer" time="7.043"/>
  <testcase classname="day6_15042025.CrossBrowserTestingDemo" name="app" time="1.729"/>
  <testcase classname="day6_15042025.CrossBrowserTestingDemo" name="app" time="1.278"/>
</testsuite> <!-- day6_15042025.CrossBrowserTestingDemo -->
