<?xml version="1.0" encoding="UTF-8"?>
<!-- Generated by org.testng.reporters.JUnitReportReporter -->
<testsuite hostname="DESKTOP-JE5KF2R" failures="0" tests="3" name="day4_11042025.ListenersDemo" time="14.735" errors="0" timestamp="2025-05-06T14:58:49 IST" skipped="1">
  <testcase classname="day4_11042025.ListenersDemo" name="testToBeSkipped" time="0.003">
    <skipped/>
  </testcase> <!-- testToBeSkipped -->
  <testcase classname="day4_11042025.ListenersDemo" name="testToBeFailed" time="0.010"/>
  <testcase classname="day4_11042025.ListenersDemo" name="login" time="14.722"/>
</testsuite> <!-- day4_11042025.ListenersDemo -->
