<?xml version="1.0" encoding="UTF-8"?>
<!-- Generated by org.testng.reporters.JUnitReportReporter -->
<testsuite hostname="DESKTOP-JE5KF2R" failures="0" tests="3" name="day4_11042025.ListenersTest" time="15.311" errors="0" timestamp="2025-05-06T12:25:05 IST" skipped="1">
  <testcase classname="day4_11042025.ListenersTest" name="testToBeSkipped" time="0.000">
    <skipped/>
  </testcase> <!-- testToBeSkipped -->
  <testcase classname="day4_11042025.ListenersTest" name="login" time="15.306"/>
  <testcase classname="day4_11042025.ListenersTest" name="testToBeFailed" time="0.005"/>
</testsuite> <!-- day4_11042025.ListenersTest -->
