<?xml version="1.0" encoding="UTF-8"?>
<!-- Generated by org.testng.reporters.JUnitReportReporter -->
<testsuite hostname="DESKTOP-JE5KF2R" failures="0" tests="4" name="day6_15042025.CrossBrowserTestingDemo" time="9.431" errors="0" timestamp="2025-05-06T12:40:11 IST" skipped="0">
  <testcase classname="day6_15042025.CrossBrowserTestingDemo" name="launchBroswer" time="3.977"/>
  <testcase classname="day6_15042025.CrossBrowserTestingDemo" name="launchBroswer" time="2.570"/>
  <testcase classname="day6_15042025.CrossBrowserTestingDemo" name="app" time="1.268"/>
  <testcase classname="day6_15042025.CrossBrowserTestingDemo" name="app" time="1.616"/>
</testsuite> <!-- day6_15042025.CrossBrowserTestingDemo -->
